Performing C SOURCE FILE Test CMAKE_HAVE_LIBC_PTHREAD failed with the following output:
Change Dir: /home/blake/Projects/leibniz/build/CMakeFiles/CMakeScratch/TryCompile-7xaGwU

Run Build Command(s):/usr/bin/gmake -f Makefile cmTC_ed768/fast && /usr/bin/gmake  -f CMakeFiles/cmTC_ed768.dir/build.make CMakeFiles/cmTC_ed768.dir/build
gmake[1]: Entering directory '/home/blake/Projects/leibniz/build/CMakeFiles/CMakeScratch/TryCompile-7xaGwU'
Building C object CMakeFiles/cmTC_ed768.dir/src.c.o
/usr/bin/cc -DCMAKE_HAVE_LIBC_PTHREAD   -o CMakeFiles/cmTC_ed768.dir/src.c.o -c /home/blake/Projects/leibniz/build/CMakeFiles/CMakeScratch/TryCompile-7xaGwU/src.c
Linking C executable cmTC_ed768
/home/blake/.local/lib/python3.10/site-packages/cmake/data/bin/cmake -E cmake_link_script CMakeFiles/cmTC_ed768.dir/link.txt --verbose=1
/usr/bin/cc CMakeFiles/cmTC_ed768.dir/src.c.o -o cmTC_ed768 
/usr/bin/ld: CMakeFiles/cmTC_ed768.dir/src.c.o: in function `main':
src.c:(.text+0x2f): undefined reference to `pthread_create'
/usr/bin/ld: src.c:(.text+0x3b): undefined reference to `pthread_detach'
/usr/bin/ld: src.c:(.text+0x47): undefined reference to `pthread_cancel'
/usr/bin/ld: src.c:(.text+0x58): undefined reference to `pthread_join'
collect2: error: ld returned 1 exit status
gmake[1]: *** [CMakeFiles/cmTC_ed768.dir/build.make:99: cmTC_ed768] Error 1
gmake[1]: Leaving directory '/home/blake/Projects/leibniz/build/CMakeFiles/CMakeScratch/TryCompile-7xaGwU'
gmake: *** [Makefile:127: cmTC_ed768/fast] Error 2


Source file was:
#include <pthread.h>

static void* test_func(void* data)
{
  return data;
}

int main(void)
{
  pthread_t thread;
  pthread_create(&thread, NULL, test_func, NULL);
  pthread_detach(thread);
  pthread_cancel(thread);
  pthread_join(thread, NULL);
  pthread_atfork(NULL, NULL, NULL);
  pthread_exit(NULL);

  return 0;
}


Determining if the function pthread_create exists in the pthreads failed with the following output:
Change Dir: /home/blake/Projects/leibniz/build/CMakeFiles/CMakeScratch/TryCompile-FB38pT

Run Build Command(s):/usr/bin/gmake -f Makefile cmTC_0a54e/fast && /usr/bin/gmake  -f CMakeFiles/cmTC_0a54e.dir/build.make CMakeFiles/cmTC_0a54e.dir/build
gmake[1]: Entering directory '/home/blake/Projects/leibniz/build/CMakeFiles/CMakeScratch/TryCompile-FB38pT'
Building C object CMakeFiles/cmTC_0a54e.dir/CheckFunctionExists.c.o
/usr/bin/cc   -DCHECK_FUNCTION_EXISTS=pthread_create -o CMakeFiles/cmTC_0a54e.dir/CheckFunctionExists.c.o -c /home/blake/Projects/leibniz/build/CMakeFiles/CMakeScratch/TryCompile-FB38pT/CheckFunctionExists.c
Linking C executable cmTC_0a54e
/home/blake/.local/lib/python3.10/site-packages/cmake/data/bin/cmake -E cmake_link_script CMakeFiles/cmTC_0a54e.dir/link.txt --verbose=1
/usr/bin/cc  -DCHECK_FUNCTION_EXISTS=pthread_create CMakeFiles/cmTC_0a54e.dir/CheckFunctionExists.c.o -o cmTC_0a54e  -lpthreads 
/usr/bin/ld: cannot find -lpthreads
collect2: error: ld returned 1 exit status
gmake[1]: *** [CMakeFiles/cmTC_0a54e.dir/build.make:99: cmTC_0a54e] Error 1
gmake[1]: Leaving directory '/home/blake/Projects/leibniz/build/CMakeFiles/CMakeScratch/TryCompile-FB38pT'
gmake: *** [Makefile:127: cmTC_0a54e/fast] Error 2



